# JRE version: OpenJDK Runtime Environment Temurin-21.0.12.1+1 (21.0.12.1+1) (build 21.0.12.1+1-LTS)
# Java VM: OpenJDK 64-Bit Server VM Temurin-21.0.12.1+1 (21.0.12.1+1-LTS, mixed mode, sharing, tiered, compressed oops, compressed class ptrs, g1 gc, windows-amd64)
GC Precious Log:
 CardTable entry size: 512
 Card Set container configuration: InlinePtr #cards 5 size 8 Array Of Cards #cards 12 size 40 Howl #buckets 4 coarsen threshold 1843 Howl Bitmap #cards 512 size 80 coarsen threshold 460 Card regions per heap region 1 cards per card region 2048
 CPUs: 8 total, 8 available
 Memory: 15765M
 Large Page Support: Disabled
 NUMA Support: Disabled
 Compressed Oops: Enabled (32-bit)
 Heap Region Size: 1M
 Heap Min Capacity: 8M
 Heap Initial Capacity: 248M
 Heap Max Capacity: 2G
 Pre-touch: Disabled
 Parallel Workers: 8
 Concurrent Workers: 2
 Concurrent Refinement Workers: 8
 Periodic GC: Disabled
Heap:
 garbage-first heap   total 92160K, used 48208K [0x0000000080000000, 0x0000000100000000)
  region size 1024K, 15 young (15360K), 3 survivors (3072K)
 Metaspace       used 43903K, committed 45376K, reserved 491520K
  class space    used 6274K, committed 6976K, reserved 425984K
GC Heap History (18 events):
Event: 1.347 GC heap before
{Heap before GC invocations=0 (full 0):
 garbage-first heap   total 253952K, used 26624K [0x0000000080000000, 0x0000000100000000)
  region size 1024K, 23 young (23552K), 0 survivors (0K)
 Metaspace       used 1100K, committed 1216K, reserved 491520K
  class space    used 80K, committed 128K, reserved 425984K
}
Event: 1.351 GC heap after
{Heap after GC invocations=1 (full 0):
 garbage-first heap   total 253952K, used 10239K [0x0000000080000000, 0x0000000100000000)
  region size 1024K, 3 young (3072K), 3 survivors (3072K)
 Metaspace       used 1100K, committed 1216K, reserved 491520K
  class space    used 80K, committed 128K, reserved 425984K
}
Event: 2.132 GC heap before
{Heap before GC invocations=1 (full 0):
 garbage-first heap   total 253952K, used 40959K [0x0000000080000000, 0x0000000100000000)
  region size 1024K, 33 young (33792K), 3 survivors (3072K)
 Metaspace       used 4262K, committed 4416K, reserved 491520K
  class space    used 545K, committed 640K, reserved 425984K
}
Event: 2.135 GC heap after
{Heap after GC invocations=2 (full 0):
 garbage-first heap   total 253952K, used 11885K [0x0000000080000000, 0x0000000100000000)
  region size 1024K, 2 young (2048K), 2 survivors (2048K)
 Metaspace       used 4262K, committed 4416K, reserved 491520K
  class space    used 545K, committed 640K, reserved 425984K
}
Event: 23.403 GC heap before
{Heap before GC invocations=2 (full 0):
 garbage-first heap   total 253952K, used 103021K [0x0000000080000000, 0x0000000100000000)
  region size 1024K, 89 young (91136K), 2 survivors (2048K)
 Metaspace       used 15065K, committed 15552K, reserved 491520K
  class space    used 2084K, committed 2304K, reserved 425984K
}
Event: 23.420 GC heap after
{Heap after GC invocations=3 (full 0):
 garbage-first heap   total 253952K, used 21945K [0x0000000080000000, 0x0000000100000000)
  region size 1024K, 11 young (11264K), 11 survivors (11264K)
 Metaspace       used 15065K, committed 15552K, reserved 491520K
  class space    used 2084K, committed 2304K, reserved 425984K
}
Event: 38.213 GC heap before
{Heap before GC invocations=3 (full 0):
 garbage-first heap   total 253952K, used 64953K [0x0000000080000000, 0x0000000100000000)
  region size 1024K, 54 young (55296K), 11 survivors (11264K)
 Metaspace       used 20795K, committed 21504K, reserved 491520K
  class space    used 3050K, committed 3392K, reserved 425984K
}
Event: 38.227 GC heap after
{Heap after GC invocations=4 (full 0):
 garbage-first heap   total 253952K, used 25384K [0x0000000080000000, 0x0000000100000000)
  region size 1024K, 13 young (13312K), 13 survivors (13312K)
 Metaspace       used 20795K, committed 21504K, reserved 491520K
  class space    used 3050K, committed 3392K, reserved 425984K
}
Event: 45.345 GC heap before
{Heap before GC invocations=5 (full 0):
 garbage-first heap   total 89088K, used 65320K [0x0000000080000000, 0x0000000100000000)
  region size 1024K, 52 young (53248K), 13 survivors (13312K)
 Metaspace       used 25785K, committed 26688K, reserved 491520K
  class space    used 3896K, committed 4352K, reserved 425984K
}
Event: 45.356 GC heap after
{Heap after GC invocations=6 (full 0):
 garbage-first heap   total 89088K, used 27446K [0x0000000080000000, 0x0000000100000000)
  region size 1024K, 6 young (6144K), 6 survivors (6144K)
 Metaspace       used 25785K, committed 26688K, reserved 491520K
  class space    used 3896K, committed 4352K, reserved 425984K
}
Event: 141.500 GC heap before
{Heap before GC invocations=6 (full 0):
 garbage-first heap   total 89088K, used 72502K [0x0000000080000000, 0x0000000100000000)
  region size 1024K, 51 young (52224K), 6 survivors (6144K)
 Metaspace       used 30892K, committed 32192K, reserved 491520K
  class space    used 4728K, committed 5376K, reserved 425984K
}
Event: 141.588 GC heap after
{Heap after GC invocations=7 (full 0):
 garbage-first heap   total 89088K, used 29342K [0x0000000080000000, 0x0000000100000000)
  region size 1024K, 5 young (5120K), 5 survivors (5120K)
 Metaspace       used 30892K, committed 32192K, reserved 491520K
  class space    used 4728K, committed 5376K, reserved 425984K
}
Event: 155.469 GC heap before
{Heap before GC invocations=7 (full 0):
 garbage-first heap   total 89088K, used 44702K [0x0000000080000000, 0x0000000100000000)
  region size 1024K, 21 young (21504K), 5 survivors (5120K)
 Metaspace       used 34718K, committed 35968K, reserved 491520K
  class space    used 5126K, committed 5760K, reserved 425984K
}
Event: 155.488 GC heap after
{Heap after GC invocations=8 (full 0):
 garbage-first heap   total 89088K, used 31852K [0x0000000080000000, 0x0000000100000000)
  region size 1024K, 5 young (5120K), 5 survivors (5120K)
 Metaspace       used 34718K, committed 35968K, reserved 491520K
  class space    used 5126K, committed 5760K, reserved 425984K
}
Event: 177.579 GC heap before
{Heap before GC invocations=9 (full 0):
 garbage-first heap   total 89088K, used 81004K [0x0000000080000000, 0x0000000100000000)
  region size 1024K, 49 young (50176K), 5 survivors (5120K)
 Metaspace       used 38389K, committed 39744K, reserved 491520K
  class space    used 5541K, committed 6208K, reserved 425984K
}
Event: 177.605 GC heap after
{Heap after GC invocations=10 (full 0):
 garbage-first heap   total 92160K, used 35826K [0x0000000080000000, 0x0000000100000000)
  region size 1024K, 7 young (7168K), 7 survivors (7168K)
 Metaspace       used 38389K, committed 39744K, reserved 491520K
  class space    used 5541K, committed 6208K, reserved 425984K
}
Event: 340.042 GC heap before
{Heap before GC invocations=10 (full 0):
 garbage-first heap   total 92160K, used 80882K [0x0000000080000000, 0x0000000100000000)
  region size 1024K, 50 young (51200K), 7 survivors (7168K)
 Metaspace       used 42586K, committed 44032K, reserved 491520K
  class space    used 6072K, committed 6784K, reserved 425984K
}
Event: 340.101 GC heap after
{Heap after GC invocations=11 (full 0):
 garbage-first heap   total 92160K, used 36944K [0x0000000080000000, 0x0000000100000000)
  region size 1024K, 3 young (3072K), 3 survivors (3072K)
 Metaspace       used 42586K, committed 44032K, reserved 491520K
  class space    used 6072K, committed 6784K, reserved 425984K
}

