# JRE version: OpenJDK Runtime Environment Temurin-21.0.12.1+1 (21.0.12.1+1) (build 21.0.12.1+1-LTS)
# Java VM: OpenJDK 64-Bit Server VM Temurin-21.0.12.1+1 (21.0.12.1+1-LTS, mixed mode, sharing, tiered, compressed oops, compressed class ptrs, g1 gc, windows-amd64)
GC Precious Log:
 CardTable entry size: 512
 Card Set container configuration: InlinePtr #cards 5 size 8 Array Of Cards #cards 12 size 40 Howl #buckets 4 coarsen threshold 1843 Howl Bitmap #cards 512 size 80 coarsen threshold 460 Card regions per heap region 1 cards per card region 2048
 CPUs: 8 total, 8 available
 Memory: 15765M
 Large Page Support: Disabled
 NUMA Support: Disabled
 Compressed Oops: Enabled (32-bit)
 Heap Region Size: 1M
 Heap Min Capacity: 8M
 Heap Initial Capacity: 248M
 Heap Max Capacity: 2G
 Pre-touch: Disabled
 Parallel Workers: 8
 Concurrent Workers: 2
 Concurrent Refinement Workers: 8
 Periodic GC: Disabled
Heap:
 garbage-first heap   total 105472K, used 53239K [0x0000000080000000, 0x0000000100000000)
  region size 1024K, 27 young (27648K), 4 survivors (4096K)
 Metaspace       used 35911K, committed 37184K, reserved 491520K
  class space    used 5248K, committed 5888K, reserved 425984K
GC Heap History (14 events):
Event: 1.490 GC heap before
{Heap before GC invocations=0 (full 0):
 garbage-first heap   total 253952K, used 26624K [0x0000000080000000, 0x0000000100000000)
  region size 1024K, 23 young (23552K), 0 survivors (0K)
 Metaspace       used 1109K, committed 1216K, reserved 491520K
  class space    used 80K, committed 128K, reserved 425984K
}
Event: 1.494 GC heap after
{Heap after GC invocations=1 (full 0):
 garbage-first heap   total 253952K, used 10598K [0x0000000080000000, 0x0000000100000000)
  region size 1024K, 3 young (3072K), 3 survivors (3072K)
 Metaspace       used 1109K, committed 1216K, reserved 491520K
  class space    used 80K, committed 128K, reserved 425984K
}
Event: 4.330 GC heap before
{Heap before GC invocations=1 (full 0):
 garbage-first heap   total 253952K, used 41318K [0x0000000080000000, 0x0000000100000000)
  region size 1024K, 33 young (33792K), 3 survivors (3072K)
 Metaspace       used 4290K, committed 4480K, reserved 491520K
  class space    used 547K, committed 640K, reserved 425984K
}
Event: 4.338 GC heap after
{Heap after GC invocations=2 (full 0):
 garbage-first heap   total 253952K, used 12079K [0x0000000080000000, 0x0000000100000000)
  region size 1024K, 2 young (2048K), 2 survivors (2048K)
 Metaspace       used 4290K, committed 4480K, reserved 491520K
  class space    used 547K, committed 640K, reserved 425984K
}
Event: 15.317 GC heap before
{Heap before GC invocations=2 (full 0):
 garbage-first heap   total 253952K, used 96047K [0x0000000080000000, 0x0000000100000000)
  region size 1024K, 83 young (84992K), 2 survivors (2048K)
 Metaspace       used 14370K, committed 14848K, reserved 491520K
  class space    used 2011K, committed 2240K, reserved 425984K
}
Event: 15.348 GC heap after
{Heap after GC invocations=3 (full 0):
 garbage-first heap   total 253952K, used 21908K [0x0000000080000000, 0x0000000100000000)
  region size 1024K, 11 young (11264K), 11 survivors (11264K)
 Metaspace       used 14370K, committed 14848K, reserved 491520K
  class space    used 2011K, committed 2240K, reserved 425984K
}
Event: 27.294 GC heap before
{Heap before GC invocations=3 (full 0):
 garbage-first heap   total 253952K, used 69012K [0x0000000080000000, 0x0000000100000000)
  region size 1024K, 59 young (60416K), 11 survivors (11264K)
 Metaspace       used 20864K, committed 21504K, reserved 491520K
  class space    used 3067K, committed 3392K, reserved 425984K
}
Event: 27.308 GC heap after
{Heap after GC invocations=4 (full 0):
 garbage-first heap   total 253952K, used 25718K [0x0000000080000000, 0x0000000100000000)
  region size 1024K, 13 young (13312K), 13 survivors (13312K)
 Metaspace       used 20864K, committed 21504K, reserved 491520K
  class space    used 3067K, committed 3392K, reserved 425984K
}
Event: 35.404 GC heap before
{Heap before GC invocations=5 (full 0):
 garbage-first heap   total 89088K, used 88182K [0x0000000080000000, 0x0000000100000000)
  region size 1024K, 74 young (75776K), 13 survivors (13312K)
 Metaspace       used 28442K, committed 29696K, reserved 491520K
  class space    used 4342K, committed 4928K, reserved 425984K
}
Event: 35.425 GC heap after
{Heap after GC invocations=6 (full 0):
 garbage-first heap   total 105472K, used 28290K [0x0000000080000000, 0x0000000100000000)
  region size 1024K, 7 young (7168K), 7 survivors (7168K)
 Metaspace       used 28442K, committed 29696K, reserved 491520K
  class space    used 4342K, committed 4928K, reserved 425984K
}
Event: 353.843 GC heap before
{Heap before GC invocations=6 (full 0):
 garbage-first heap   total 105472K, used 82562K [0x0000000080000000, 0x0000000100000000)
  region size 1024K, 61 young (62464K), 7 survivors (7168K)
 Metaspace       used 33820K, committed 35072K, reserved 491520K
  class space    used 5017K, committed 5632K, reserved 425984K
}
Event: 353.912 GC heap after
{Heap after GC invocations=7 (full 0):
 garbage-first heap   total 105472K, used 30814K [0x0000000080000000, 0x0000000100000000)
  region size 1024K, 6 young (6144K), 6 survivors (6144K)
 Metaspace       used 33820K, committed 35072K, reserved 491520K
  class space    used 5017K, committed 5632K, reserved 425984K
}
Event: 356.136 GC heap before
{Heap before GC invocations=7 (full 0):
 garbage-first heap   total 105472K, used 34910K [0x0000000080000000, 0x0000000100000000)
  region size 1024K, 11 young (11264K), 6 survivors (6144K)
 Metaspace       used 34694K, committed 35968K, reserved 491520K
  class space    used 5123K, committed 5760K, reserved 425984K
}
Event: 356.326 GC heap after
{Heap after GC invocations=8 (full 0):
 garbage-first heap   total 105472K, used 31735K [0x0000000080000000, 0x0000000100000000)
  region size 1024K, 4 young (4096K), 4 survivors (4096K)
 Metaspace       used 34694K, committed 35968K, reserved 491520K
  class space    used 5123K, committed 5760K, reserved 425984K
}

